Copyright 1986-2019 Xilinx, Inc. All Rights Reserved.
-------------------------------------------------------------------------------------------------
| Tool Version : Vivado v.2018.3.1_AR71948 (lin64) Build 2489853 Tue Mar 26 04:18:30 MDT 2019
| Date         : Fri Sep 25 12:28:20 2020
| Host         : wei-Berkeley running 64-bit Ubuntu 18.04.5 LTS
| Command      : report_utilization -file top_utilization_synth.rpt -pb top_utilization_synth.pb
| Design       : top
| Device       : xczu28drffvg1517-2
| Design State : Synthesized
-------------------------------------------------------------------------------------------------

Utilization Design Information

Table of Contents
-----------------
1. CLB Logic
1.1 Summary of Registers by Type
2. BLOCKRAM
3. ARITHMETIC
4. I/O
5. CLOCK
6. ADVANCED
7. CONFIGURATION
8. Primitives
9. Black Boxes
10. Instantiated Netlists

1. CLB Logic
------------

+-------------------------+------+-------+-----------+-------+
|        Site Type        | Used | Fixed | Available | Util% |
+-------------------------+------+-------+-----------+-------+
| CLB LUTs*               | 2745 |     0 |    425280 |  0.65 |
|   LUT as Logic          | 2745 |     0 |    425280 |  0.65 |
|   LUT as Memory         |    0 |     0 |    213600 |  0.00 |
| CLB Registers           | 7632 |     2 |    850560 |  0.90 |
|   Register as Flip Flop | 7632 |     2 |    850560 |  0.90 |
|   Register as Latch     |    0 |     0 |    850560 |  0.00 |
| CARRY8                  |    0 |     0 |     53160 |  0.00 |
| F7 Muxes                |    1 |     0 |    212640 | <0.01 |
| F8 Muxes                |    0 |     0 |    106320 |  0.00 |
| F9 Muxes                |    0 |     0 |     53160 |  0.00 |
+-------------------------+------+-------+-----------+-------+
* Warning! The Final LUT count, after physical optimizations and full implementation, is typically lower. Run opt_design after synthesis, if not already completed, for a more realistic count.


1.1 Summary of Registers by Type
--------------------------------

+-------+--------------+-------------+--------------+
| Total | Clock Enable | Synchronous | Asynchronous |
+-------+--------------+-------------+--------------+
| 0     |            _ |           - |            - |
| 0     |            _ |           - |          Set |
| 0     |            _ |           - |        Reset |
| 0     |            _ |         Set |            - |
| 0     |            _ |       Reset |            - |
| 0     |          Yes |           - |            - |
| 35    |          Yes |           - |          Set |
| 3033  |          Yes |           - |        Reset |
| 32    |          Yes |         Set |            - |
| 4532  |          Yes |       Reset |            - |
+-------+--------------+-------------+--------------+


2. BLOCKRAM
-----------

+-------------------+------+-------+-----------+-------+
|     Site Type     | Used | Fixed | Available | Util% |
+-------------------+------+-------+-----------+-------+
| Block RAM Tile    |   32 |     0 |      1080 |  2.96 |
|   RAMB36/FIFO*    |   32 |     0 |      1080 |  2.96 |
|     RAMB36E2 only |   32 |       |           |       |
|   RAMB18          |    0 |     0 |      2160 |  0.00 |
| URAM              |    0 |     0 |        80 |  0.00 |
+-------------------+------+-------+-----------+-------+
* Note: Each Block RAM Tile only has one FIFO logic available and therefore can accommodate only one FIFO36E2 or one FIFO18E2. However, if a FIFO18E2 occupies a Block RAM Tile, that tile can still accommodate a RAMB18E2


3. ARITHMETIC
-------------

+-----------+------+-------+-----------+-------+
| Site Type | Used | Fixed | Available | Util% |
+-----------+------+-------+-----------+-------+
| DSPs      |    0 |     0 |      4272 |  0.00 |
+-----------+------+-------+-----------+-------+


4. I/O
------

+------------+------+-------+-----------+-------+
|  Site Type | Used | Fixed | Available | Util% |
+------------+------+-------+-----------+-------+
| Bonded IOB |    6 |     0 |       347 |  1.73 |
+------------+------+-------+-----------+-------+


5. CLOCK
--------

+----------------------+------+-------+-----------+-------+
|       Site Type      | Used | Fixed | Available | Util% |
+----------------------+------+-------+-----------+-------+
| GLOBAL CLOCK BUFFERs |    6 |     0 |       696 |  0.86 |
|   BUFGCE             |    6 |     0 |       216 |  2.78 |
|   BUFGCE_DIV         |    0 |     0 |        32 |  0.00 |
|   BUFG_GT            |    0 |     0 |       312 |  0.00 |
|   BUFG_PS            |    0 |     0 |        72 |  0.00 |
|   BUFGCTRL*          |    0 |     0 |        64 |  0.00 |
| PLL                  |    0 |     0 |        16 |  0.00 |
| MMCM                 |    2 |     0 |         8 | 25.00 |
+----------------------+------+-------+-----------+-------+
* Note: Each used BUFGCTRL counts as two global buffer resources. This table does not include global clocking resources, only buffer cell usage. See the Clock Utilization Report (report_clock_utilization) for detailed accounting of global clocking resource availability.


6. ADVANCED
-----------

+-----------------+------+-------+-----------+-------+
|    Site Type    | Used | Fixed | Available | Util% |
+-----------------+------+-------+-----------+-------+
| CMACE4          |    0 |     0 |         2 |  0.00 |
| FE              |    0 |     0 |         8 |  0.00 |
| GTYE4_CHANNEL   |    0 |     0 |        16 |  0.00 |
| GTYE4_COMMON    |    0 |     0 |         4 |  0.00 |
| HSADC           |    0 |     0 |         4 |  0.00 |
| HSDAC           |    0 |     0 |         4 |  0.00 |
| ILKNE4          |    0 |     0 |         1 |  0.00 |
| OBUFDS_GTE4     |    0 |     0 |         8 |  0.00 |
| OBUFDS_GTE4_ADV |    0 |     0 |         8 |  0.00 |
| PCIE40E4        |    0 |     0 |         2 |  0.00 |
| PS8             |    0 |     0 |         1 |  0.00 |
| SYSMONE4        |    0 |     0 |         1 |  0.00 |
+-----------------+------+-------+-----------+-------+


7. CONFIGURATION
----------------

+-------------+------+-------+-----------+-------+
|  Site Type  | Used | Fixed | Available | Util% |
+-------------+------+-------+-----------+-------+
| BSCANE2     |    0 |     0 |         4 |  0.00 |
| DNA_PORTE2  |    0 |     0 |         1 |  0.00 |
| EFUSE_USR   |    0 |     0 |         1 |  0.00 |
| FRAME_ECCE4 |    0 |     0 |         1 |  0.00 |
| ICAPE3      |    0 |     0 |         2 |  0.00 |
| MASTER_JTAG |    0 |     0 |         1 |  0.00 |
| STARTUPE3   |    0 |     0 |         1 |  0.00 |
+-------------+------+-------+-----------+-------+


8. Primitives
-------------

+------------+------+---------------------+
|  Ref Name  | Used | Functional Category |
+------------+------+---------------------+
| FDRE       | 4532 |            Register |
| FDCE       | 3033 |            Register |
| LUT6       | 1455 |                 CLB |
| LUT2       | 1302 |                 CLB |
| LUT5       |  278 |                 CLB |
| LUT3       |  210 |                 CLB |
| LUT4       |  198 |                 CLB |
| LUT1       |   36 |                 CLB |
| FDPE       |   35 |            Register |
| RAMB36E2   |   32 |           Block Ram |
| FDSE       |   32 |            Register |
| BUFGCE     |    6 |               Clock |
| OBUF       |    2 |                 I/O |
| MMCME4_ADV |    2 |               Clock |
| IBUFCTRL   |    2 |              Others |
| DIFFINBUF  |    2 |                 I/O |
| MUXF7      |    1 |                 CLB |
+------------+------+---------------------+


9. Black Boxes
--------------

+--------------------------------------------------------------+------+
|                           Ref Name                           | Used |
+--------------------------------------------------------------+------+
| rfdc_multi_eight_adcs_2048gsps_mts_c_counter_binary_v12_0_i2 |   32 |
| rfdc_multi_eight_adcs_2048gsps_mts_c_counter_binary_v12_0_i1 |   32 |
| zcu111_zynq_ultra_ps_e_0_0                                   |    1 |
| zcu111_xbar_0                                                |    1 |
| zcu111_proc_sys_reset_0_0                                    |    1 |
| zcu111_axi_protocol_convert_2_0                              |    1 |
| zcu111_axi_protocol_convert_1_0                              |    1 |
| zcu111_auto_ds_1                                             |    1 |
| zcu111_auto_ds_0                                             |    1 |
| rfdc_multi_eight_adcs_2048gsps_mts_c_counter_binary_v12_0_i0 |    1 |
| ADC8_R2R_MTS_2048                                            |    1 |
+--------------------------------------------------------------+------+


10. Instantiated Netlists
-------------------------

+----------+------+
| Ref Name | Used |
+----------+------+


