Copyright 1986-2019 Xilinx, Inc. All Rights Reserved.
-------------------------------------------------------------------------------------------------------------------------------
| Tool Version     : Vivado v.2018.3.1_AR71948 (lin64) Build 2489853 Tue Mar 26 04:18:30 MDT 2019
| Date             : Fri Sep 25 12:34:28 2020
| Host             : wei-Berkeley running 64-bit Ubuntu 18.04.5 LTS
| Command          : report_power -file top_power_routed.rpt -pb top_power_summary_routed.pb -rpx top_power_routed.rpx
| Design           : top
| Device           : xczu28dr-ffvg1517-2-e
| Design State     : routed
| Grade            : extended
| Process          : typical
| Characterization : Production
-------------------------------------------------------------------------------------------------------------------------------

Power Report

Table of Contents
-----------------
1. Summary
1.1 On-Chip Components
1.2 Power Supply Summary
1.3 Confidence Level
2. Settings
2.1 Environment
2.2 Clock Constraints
3. Detailed Reports
3.1 By Hierarchy

1. Summary
----------

+--------------------------+--------------+
| Total On-Chip Power (W)  | 7.388        |
| Design Power Budget (W)  | Unspecified* |
| Power Budget Margin (W)  | NA           |
| Dynamic (W)              | 6.155        |
| Device Static (W)        | 1.234        |
| Effective TJA (C/W)      | 0.8          |
| Max Ambient (C)          | 93.8         |
| Junction Temperature (C) | 31.2         |
| Confidence Level         | Medium       |
| Setting File             | ---          |
| Simulation Activity File | ---          |
| Design Nets Matched      | NA           |
+--------------------------+--------------+
* Specify Design Power Budget using, set_operating_conditions -design_power_budget <value in Watts>


1.1 On-Chip Components
----------------------

+--------------------------+-----------+----------+-----------+-----------------+
| On-Chip                  | Power (W) | Used     | Available | Utilization (%) |
+--------------------------+-----------+----------+-----------+-----------------+
| Clocks                   |     0.096 |       23 |       --- |             --- |
| CLB Logic                |     0.053 |    34098 |       --- |             --- |
|   LUT as Logic           |     0.029 |    12200 |    425280 |            2.87 |
|   LUT as Shift Register  |     0.018 |     1100 |    213600 |            0.51 |
|   Register               |     0.006 |    15697 |    850560 |            1.85 |
|   LUT as Distributed RAM |    <0.001 |      112 |    213600 |            0.05 |
|   CARRY8                 |    <0.001 |       48 |     53160 |            0.09 |
|   F7/F8 Muxes            |     0.000 |      127 |    425280 |            0.03 |
|   Others                 |     0.000 |     2148 |       --- |             --- |
|   BUFG                   |     0.000 |        1 |        64 |            1.56 |
| Signals                  |     0.066 |    28729 |       --- |             --- |
| Block RAM                |     0.051 |       32 |      1080 |            2.96 |
| RFAMS                    |     3.092 |        6 |       --- |             --- |
|   RFADC                  |     3.092 |        4 |         4 |          100.00 |
|   RFDAC                  |     0.000 |        2 |         4 |           50.00 |
| MMCM                     |     0.089 |        0 |       --- |             --- |
| DSPs                     |     0.008 |       32 |      4272 |            0.75 |
| I/O                      |     0.007 |        6 |       347 |            1.73 |
| PS8                      |     2.691 |        1 |       --- |             --- |
| Static Power             |     1.234 |          |           |                 |
|   PS Static              |     0.102 |          |           |                 |
|   PL Static              |     1.132 |          |           |                 |
| Total                    |     7.388 |          |           |                 |
+--------------------------+-----------+----------+-----------+-----------------+


1.2 Power Supply Summary
------------------------

+-----------------+-------------+-----------+-------------+------------+
| Source          | Voltage (V) | Total (A) | Dynamic (A) | Static (A) |
+-----------------+-------------+-----------+-------------+------------+
| Vccint          |       0.850 |     0.662 |       0.320 |      0.342 |
| Vccint_io       |       0.850 |     0.073 |       0.001 |      0.072 |
| Vccbram         |       0.850 |     0.008 |       0.003 |      0.005 |
| Vccaux          |       1.800 |     0.327 |       0.049 |      0.277 |
| Vccaux_io       |       1.800 |     0.060 |       0.003 |      0.058 |
| Vcco33          |       3.300 |     0.000 |       0.000 |      0.000 |
| Vcco25          |       2.500 |     0.000 |       0.000 |      0.000 |
| Vcco18          |       1.800 |     0.001 |       0.001 |      0.000 |
| Vcco15          |       1.500 |     0.000 |       0.000 |      0.000 |
| Vcco135         |       1.350 |     0.000 |       0.000 |      0.000 |
| Vcco12          |       1.200 |     0.000 |       0.000 |      0.000 |
| Vcco10          |       1.000 |     0.000 |       0.000 |      0.000 |
| Vccadc          |       1.800 |     0.008 |       0.000 |      0.008 |
| VCC_PSINTFP     |       0.850 |     1.069 |       1.032 |      0.038 |
| VCC_PSINTLP     |       0.850 |     0.276 |       0.268 |      0.008 |
| VPS_MGTRAVCC    |       0.850 |     0.139 |       0.138 |      0.001 |
| VCC_PSINTFP_DDR |       0.850 |     0.701 |       0.696 |      0.005 |
| VCC_PSPLL       |       1.200 |     0.073 |       0.071 |      0.002 |
| VPS_MGTRAVTT    |       1.800 |     0.034 |       0.033 |      0.001 |
| VCCO_PSDDR_504  |       1.200 |     0.626 |       0.592 |      0.034 |
| VCC_PSAUX       |       1.800 |     0.002 |       0.000 |      0.002 |
| VCC_PSBATT      |       1.200 |     0.000 |       0.000 |      0.000 |
| VCC_PSDDR_PLL   |       1.800 |     0.012 |       0.011 |      0.001 |
| VCCO_PSIO0_500  |       1.800 |     0.001 |       0.000 |      0.001 |
| VCCO_PSIO1_501  |       1.800 |     0.001 |       0.000 |      0.001 |
| VCCO_PSIO2_502  |       1.800 |     0.001 |       0.000 |      0.001 |
| VCCO_PSIO3_503  |       3.300 |     0.001 |       0.000 |      0.001 |
| VCC_PSADC       |       1.800 |     0.002 |       0.000 |      0.002 |
| VCCINT_AMS      |       0.850 |     0.011 |       0.000 |      0.011 |
| DACAVCC         |       0.925 |     0.008 |       0.000 |      0.008 |
| DACAVCCAUX      |       1.800 |     0.000 |       0.000 |      0.000 |
| DACAVTT         |       2.500 |     0.005 |       0.000 |      0.005 |
| ADCAVCC         |       0.925 |     0.986 |       0.973 |      0.013 |
| ADCAVCCAUX      |       1.800 |     1.266 |       1.218 |      0.048 |
| VCCSDFEC        |       0.850 |     0.033 |       0.000 |      0.033 |
| MGTYAVcc        |       0.900 |     0.000 |       0.000 |      0.000 |
| MGTYAVtt        |       1.200 |     0.000 |       0.000 |      0.000 |
| MGTYVccaux      |       1.800 |     0.000 |       0.000 |      0.000 |
+-----------------+-------------+-----------+-------------+------------+


1.3 Confidence Level
--------------------

+-----------------------------+------------+-------------------------------------------------------+------------------------------------------------------------------------------------------------------------+
| User Input Data             | Confidence | Details                                               | Action                                                                                                     |
+-----------------------------+------------+-------------------------------------------------------+------------------------------------------------------------------------------------------------------------+
| Design implementation state | High       | Design is routed                                      |                                                                                                            |
| Clock nodes activity        | High       | User specified more than 95% of clocks                |                                                                                                            |
| I/O nodes activity          | Medium     | More than 5% of inputs are missing user specification | Provide missing input activity with simulation results or by editing the "By Resource Type -> I/Os" view   |
| Internal nodes activity     | Medium     | User specified less than 25% of internal nodes        | Provide missing internal nodes activity with simulation results or by editing the "By Resource Type" views |
| Device models               | High       | Device models are Production                          |                                                                                                            |
|                             |            |                                                       |                                                                                                            |
| Overall confidence level    | Medium     |                                                       |                                                                                                            |
+-----------------------------+------------+-------------------------------------------------------+------------------------------------------------------------------------------------------------------------+


2. Settings
-----------

2.1 Environment
---------------

+-----------------------+--------------------------+
| Ambient Temp (C)      | 25.0                     |
| ThetaJA (C/W)         | 0.8                      |
| Airflow (LFM)         | 250                      |
| Heat Sink             | medium (Medium Profile)  |
| ThetaSA (C/W)         | 1.2                      |
| Board Selection       | medium (10"x10")         |
| # of Board Layers     | 12to15 (12 to 15 Layers) |
| Board Temperature (C) | 25.0                     |
+-----------------------+--------------------------+


2.2 Clock Constraints
---------------------

+---------------+-------------------------------------------------------+-----------------+
| Clock         | Domain                                                | Constraint (ns) |
+---------------+-------------------------------------------------------+-----------------+
| clk_100_p     | clk_100_p                                             |             7.8 |
| clk_pl_0      | zcu111_inst/zynq_ultra_ps_e_0/U0/pl_clk_unbuffered[0] |            10.0 |
| user_clk_mmcm | zcu111_infr_inst/user_clk_mmcm                        |             3.9 |
+---------------+-------------------------------------------------------+-----------------+


3. Detailed Reports
-------------------

3.1 By Hierarchy
----------------

+------------------------------------------------------+-----------+
| Name                                                 | Power (W) |
+------------------------------------------------------+-----------+
| top                                                  |     6.155 |
|   axi4lite_interconnect                              |     0.071 |
|     axi4lite_axi4lite_ic_inst                        |     0.002 |
|     axi4lite_snapshot0_01_ss_bram_inst               |     0.003 |
|       axi4lite_slave_logic_inst                      |     0.002 |
|       ipb_snapshot0_01_ss_bram_dp_ram_inst           |     0.001 |
|     axi4lite_snapshot0_23_ss_bram_inst               |     0.002 |
|       ipb_snapshot0_23_ss_bram_dp_ram_inst           |     0.001 |
|     axi4lite_snapshot0_45_ss_bram_inst               |     0.002 |
|       ipb_snapshot0_45_ss_bram_dp_ram_inst           |     0.001 |
|     axi4lite_snapshot0_67_ss_bram_inst               |     0.002 |
|       ipb_snapshot0_67_ss_bram_dp_ram_inst           |     0.002 |
|     axi4lite_snapshot1_01_ss_bram_inst               |     0.002 |
|       ipb_snapshot1_01_ss_bram_dp_ram_inst           |     0.002 |
|     axi4lite_snapshot1_23_ss_bram_inst               |     0.002 |
|       ipb_snapshot1_23_ss_bram_dp_ram_inst           |     0.002 |
|     axi4lite_snapshot1_45_ss_bram_inst               |     0.002 |
|       ipb_snapshot1_45_ss_bram_dp_ram_inst           |     0.002 |
|     axi4lite_snapshot1_67_ss_bram_inst               |     0.002 |
|       ipb_snapshot1_67_ss_bram_dp_ram_inst           |     0.002 |
|     axi4lite_snapshot2_01_ss_bram_inst               |     0.002 |
|       ipb_snapshot2_01_ss_bram_dp_ram_inst           |     0.002 |
|     axi4lite_snapshot2_23_ss_bram_inst               |     0.002 |
|       ipb_snapshot2_23_ss_bram_dp_ram_inst           |     0.002 |
|     axi4lite_snapshot2_45_ss_bram_inst               |     0.002 |
|       ipb_snapshot2_45_ss_bram_dp_ram_inst           |     0.002 |
|     axi4lite_snapshot2_67_ss_bram_inst               |     0.002 |
|       ipb_snapshot2_67_ss_bram_dp_ram_inst           |     0.002 |
|     axi4lite_snapshot3_01_ss_bram_inst               |     0.002 |
|       ipb_snapshot3_01_ss_bram_dp_ram_inst           |     0.002 |
|     axi4lite_snapshot3_23_ss_bram_inst               |     0.002 |
|       ipb_snapshot3_23_ss_bram_dp_ram_inst           |     0.002 |
|     axi4lite_snapshot3_45_ss_bram_inst               |     0.002 |
|       ipb_snapshot3_45_ss_bram_dp_ram_inst           |     0.002 |
|     axi4lite_snapshot3_67_ss_bram_inst               |     0.002 |
|       ipb_snapshot3_67_ss_bram_dp_ram_inst           |     0.002 |
|     axi4lite_snapshot4_01_ss_bram_inst               |     0.002 |
|       ipb_snapshot4_01_ss_bram_dp_ram_inst           |     0.002 |
|     axi4lite_snapshot4_23_ss_bram_inst               |     0.002 |
|       ipb_snapshot4_23_ss_bram_dp_ram_inst           |     0.002 |
|     axi4lite_snapshot4_45_ss_bram_inst               |     0.002 |
|       ipb_snapshot4_45_ss_bram_dp_ram_inst           |     0.002 |
|     axi4lite_snapshot4_67_ss_bram_inst               |     0.002 |
|       ipb_snapshot4_67_ss_bram_dp_ram_inst           |     0.002 |
|     axi4lite_snapshot5_01_ss_bram_inst               |     0.002 |
|       ipb_snapshot5_01_ss_bram_dp_ram_inst           |     0.002 |
|     axi4lite_snapshot5_23_ss_bram_inst               |     0.002 |
|       ipb_snapshot5_23_ss_bram_dp_ram_inst           |     0.002 |
|     axi4lite_snapshot5_45_ss_bram_inst               |     0.002 |
|       ipb_snapshot5_45_ss_bram_dp_ram_inst           |     0.002 |
|     axi4lite_snapshot5_67_ss_bram_inst               |     0.002 |
|       ipb_snapshot5_67_ss_bram_dp_ram_inst           |     0.002 |
|     axi4lite_snapshot6_01_ss_bram_inst               |     0.002 |
|       ipb_snapshot6_01_ss_bram_dp_ram_inst           |     0.002 |
|     axi4lite_snapshot6_23_ss_bram_inst               |     0.002 |
|       ipb_snapshot6_23_ss_bram_dp_ram_inst           |     0.002 |
|     axi4lite_snapshot6_45_ss_bram_inst               |     0.002 |
|       ipb_snapshot6_45_ss_bram_dp_ram_inst           |     0.002 |
|     axi4lite_snapshot6_67_ss_bram_inst               |     0.002 |
|       ipb_snapshot6_67_ss_bram_dp_ram_inst           |     0.002 |
|     axi4lite_snapshot7_01_ss_bram_inst               |     0.002 |
|       ipb_snapshot7_01_ss_bram_dp_ram_inst           |     0.002 |
|     axi4lite_snapshot7_23_ss_bram_inst               |     0.002 |
|       ipb_snapshot7_23_ss_bram_dp_ram_inst           |     0.002 |
|     axi4lite_snapshot7_45_ss_bram_inst               |     0.002 |
|       ipb_snapshot7_45_ss_bram_dp_ram_inst           |     0.002 |
|     axi4lite_snapshot7_67_ss_bram_inst               |     0.002 |
|       ipb_snapshot7_67_ss_bram_dp_ram_inst           |     0.002 |
|     axi4lite_sw_reg_inst                             |     0.007 |
|   rfdc_multi_eight_adcs_2048gsps_mts_inst            |     0.064 |
|     rfdc_multi_eight_adcs_2048gsps_mts_struct        |     0.064 |
|       snapshot0_01                                   |     0.002 |
|       snapshot0_23                                   |     0.002 |
|       snapshot0_45                                   |     0.002 |
|       snapshot0_67                                   |     0.002 |
|       snapshot1_01                                   |     0.002 |
|       snapshot1_23                                   |     0.002 |
|       snapshot1_45                                   |     0.002 |
|       snapshot1_67                                   |     0.002 |
|       snapshot2_01                                   |     0.002 |
|       snapshot2_23                                   |     0.002 |
|       snapshot2_45                                   |     0.002 |
|       snapshot2_67                                   |     0.002 |
|       snapshot3_01                                   |     0.002 |
|       snapshot3_23                                   |     0.002 |
|       snapshot3_45                                   |     0.002 |
|       snapshot3_67                                   |     0.002 |
|       snapshot4_01                                   |     0.002 |
|       snapshot4_23                                   |     0.002 |
|       snapshot4_45                                   |     0.002 |
|       snapshot4_67                                   |     0.002 |
|       snapshot5_01                                   |     0.002 |
|       snapshot5_23                                   |     0.002 |
|       snapshot5_45                                   |     0.002 |
|       snapshot5_67                                   |     0.002 |
|       snapshot6_01                                   |     0.002 |
|       snapshot6_23                                   |     0.002 |
|       snapshot6_45                                   |     0.002 |
|       snapshot6_67                                   |     0.002 |
|       snapshot7_01                                   |     0.002 |
|       snapshot7_23                                   |     0.002 |
|       snapshot7_45                                   |     0.002 |
|       snapshot7_67                                   |     0.002 |
|   rfdc_multi_eight_adcs_2048gsps_mts_rfdc_V0_4       |     3.194 |
|     inst                                             |     3.194 |
|       ADC8_R2R_MTS_2048_rf_wrapper_i                 |     3.120 |
|       i_ADC8_R2R_MTS_2048_irq_sync                   |     0.002 |
|       i_axi_lite_ipif                                |     0.005 |
|       i_rf_conv_mt_data_align_adc00                  |     0.007 |
|       i_rf_conv_mt_data_align_adc02                  |     0.007 |
|       i_rf_conv_mt_data_align_adc10                  |     0.007 |
|       i_rf_conv_mt_data_align_adc12                  |     0.007 |
|       i_rf_conv_mt_data_align_adc20                  |     0.008 |
|       i_rf_conv_mt_data_align_adc22                  |     0.007 |
|       i_rf_conv_mt_data_align_adc30                  |     0.007 |
|       i_rf_conv_mt_data_align_adc32                  |     0.007 |
|   rfdc_multi_eight_adcs_2048gsps_mts_rfdc_V0_4sysref |     0.002 |
|     IBUFDS_inst                                      |     0.002 |
|   zcu111_infr_inst                                   |     0.092 |
|     i_clk                                            |     0.002 |
|   zcu111_inst                                        |     2.723 |
|     axi_interconnect_0                               |     0.023 |
|       m00_couplers                                   |     0.007 |
|       m01_couplers                                   |     0.008 |
|       xbar                                           |     0.008 |
|     axi_protocol_convert_1                           |     0.003 |
|       inst                                           |     0.003 |
|     axi_protocol_convert_2                           |     0.004 |
|       inst                                           |     0.004 |
|     zynq_ultra_ps_e_0                                |     2.692 |
|       U0                                             |     2.692 |
+------------------------------------------------------+-----------+


