
*** Running vivado
    with args -log rfdc_multi_eight_adcs_2048gsps_mts_c_counter_binary_v12_0_i1.vds -m64 -product Vivado -mode batch -messageDb vivado.pb -notrace -source rfdc_multi_eight_adcs_2048gsps_mts_c_counter_binary_v12_0_i1.tcl


****** Vivado v2018.3.1_AR71948 (64-bit)
  **** SW Build 2489853 on Tue Mar 26 04:18:30 MDT 2019
  **** IP Build 2486929 on Tue Mar 26 06:44:21 MDT 2019
    ** Copyright 1986-2019 Xilinx, Inc. All Rights Reserved.

source rfdc_multi_eight_adcs_2048gsps_mts_c_counter_binary_v12_0_i1.tcl -notrace
Command: synth_design -top rfdc_multi_eight_adcs_2048gsps_mts_c_counter_binary_v12_0_i1 -part xczu28dr-ffvg1517-2-e -mode out_of_context
Starting synth_design
Attempting to get a license for feature 'Synthesis' and/or device 'xczu28dr'
INFO: [Common 17-349] Got license for feature 'Synthesis' and/or device 'xczu28dr'
INFO: [Common 17-86] Your Synthesis license expires in 24 day(s)
INFO: Launching helper process for spawning children vivado processes
INFO: Helper process launched with PID 11966 
---------------------------------------------------------------------------------
Starting RTL Elaboration : Time (s): cpu = 00:00:02 ; elapsed = 00:00:03 . Memory (MB): peak = 1499.398 ; gain = 79.000 ; free physical = 10458 ; free virtual = 31705
---------------------------------------------------------------------------------
INFO: [Synth 8-638] synthesizing module 'rfdc_multi_eight_adcs_2048gsps_mts_c_counter_binary_v12_0_i1' [/home/wei/casper/casper_mlib/tutorials_devel/zcu111/rfdc_multi_adc_cores/mode4/2048GSps_MTS/rfdc_multi_eight_adcs_2048gsps_mts/myproj/myproj.srcs/sources_1/ip/rfdc_multi_eight_adcs_2048gsps_mts_c_counter_binary_v12_0_i1/synth/rfdc_multi_eight_adcs_2048gsps_mts_c_counter_binary_v12_0_i1.vhd:68]
	Parameter C_IMPLEMENTATION bound to: 1 - type: integer 
	Parameter C_VERBOSITY bound to: 0 - type: integer 
	Parameter C_XDEVICEFAMILY bound to: zynquplus - type: string 
	Parameter C_WIDTH bound to: 13 - type: integer 
	Parameter C_HAS_CE bound to: 1 - type: integer 
	Parameter C_HAS_SCLR bound to: 1 - type: integer 
	Parameter C_RESTRICT_COUNT bound to: 0 - type: integer 
	Parameter C_COUNT_TO bound to: 1 - type: string 
	Parameter C_COUNT_BY bound to: 100 - type: string 
	Parameter C_COUNT_MODE bound to: 0 - type: integer 
	Parameter C_THRESH0_VALUE bound to: 1 - type: string 
	Parameter C_CE_OVERRIDES_SYNC bound to: 0 - type: integer 
	Parameter C_HAS_THRESH0 bound to: 0 - type: integer 
	Parameter C_HAS_LOAD bound to: 0 - type: integer 
	Parameter C_LOAD_LOW bound to: 0 - type: integer 
	Parameter C_LATENCY bound to: 1 - type: integer 
	Parameter C_FB_LATENCY bound to: 0 - type: integer 
	Parameter C_AINIT_VAL bound to: 0 - type: string 
	Parameter C_SINIT_VAL bound to: 0 - type: string 
	Parameter C_SCLR_OVERRIDES_SSET bound to: 1 - type: integer 
	Parameter C_HAS_SSET bound to: 0 - type: integer 
	Parameter C_HAS_SINIT bound to: 0 - type: integer 
INFO: [Synth 8-3491] module 'c_counter_binary_v12_0_12' declared at '/home/wei/casper/casper_mlib/tutorials_devel/zcu111/rfdc_multi_adc_cores/mode4/2048GSps_MTS/rfdc_multi_eight_adcs_2048gsps_mts/myproj/myproj.srcs/sources_1/ip/rfdc_multi_eight_adcs_2048gsps_mts_c_counter_binary_v12_0_i1/hdl/c_counter_binary_v12_0_vh_rfs.vhd:2130' bound to instance 'U0' of component 'c_counter_binary_v12_0_12' [/home/wei/casper/casper_mlib/tutorials_devel/zcu111/rfdc_multi_adc_cores/mode4/2048GSps_MTS/rfdc_multi_eight_adcs_2048gsps_mts/myproj/myproj.srcs/sources_1/ip/rfdc_multi_eight_adcs_2048gsps_mts_c_counter_binary_v12_0_i1/synth/rfdc_multi_eight_adcs_2048gsps_mts_c_counter_binary_v12_0_i1.vhd:127]
INFO: [Synth 8-256] done synthesizing module 'rfdc_multi_eight_adcs_2048gsps_mts_c_counter_binary_v12_0_i1' (7#1) [/home/wei/casper/casper_mlib/tutorials_devel/zcu111/rfdc_multi_adc_cores/mode4/2048GSps_MTS/rfdc_multi_eight_adcs_2048gsps_mts/myproj/myproj.srcs/sources_1/ip/rfdc_multi_eight_adcs_2048gsps_mts_c_counter_binary_v12_0_i1/synth/rfdc_multi_eight_adcs_2048gsps_mts_c_counter_binary_v12_0_i1.vhd:68]
WARNING: [Synth 8-3331] design xbip_dsp48e1_wrapper_v3_0 has unconnected port CEA1
WARNING: [Synth 8-3331] design xbip_dsp48e1_wrapper_v3_0 has unconnected port CEA2
WARNING: [Synth 8-3331] design xbip_dsp48e1_wrapper_v3_0 has unconnected port CEB1
WARNING: [Synth 8-3331] design xbip_dsp48e1_wrapper_v3_0 has unconnected port CEB2
WARNING: [Synth 8-3331] design xbip_dsp48e1_wrapper_v3_0 has unconnected port CEAD
WARNING: [Synth 8-3331] design xbip_dsp48e1_wrapper_v3_0 has unconnected port CED
WARNING: [Synth 8-3331] design xbip_dsp48e1_wrapper_v3_0 has unconnected port CEC
WARNING: [Synth 8-3331] design xbip_dsp48e1_wrapper_v3_0 has unconnected port CECARRYIN
WARNING: [Synth 8-3331] design xbip_dsp48e1_wrapper_v3_0 has unconnected port CECTRL
WARNING: [Synth 8-3331] design xbip_dsp48e1_wrapper_v3_0 has unconnected port CEALUMODE
WARNING: [Synth 8-3331] design xbip_dsp48e1_wrapper_v3_0 has unconnected port CEINMODE
WARNING: [Synth 8-3331] design xbip_dsp48e1_wrapper_v3_0 has unconnected port CEM
WARNING: [Synth 8-3331] design xbip_dsp48e1_wrapper_v3_0 has unconnected port CEP
WARNING: [Synth 8-3331] design xbip_dsp48e1_wrapper_v3_0 has unconnected port SCLRA
WARNING: [Synth 8-3331] design xbip_dsp48e1_wrapper_v3_0 has unconnected port SCLRB
WARNING: [Synth 8-3331] design xbip_dsp48e1_wrapper_v3_0 has unconnected port SCLRC
WARNING: [Synth 8-3331] design xbip_dsp48e1_wrapper_v3_0 has unconnected port SCLRD
WARNING: [Synth 8-3331] design xbip_dsp48e1_wrapper_v3_0 has unconnected port SCLRALLCARRYIN
WARNING: [Synth 8-3331] design xbip_dsp48e1_wrapper_v3_0 has unconnected port SCLRCTRL
WARNING: [Synth 8-3331] design xbip_dsp48e1_wrapper_v3_0 has unconnected port SCLRALUMODE
WARNING: [Synth 8-3331] design xbip_dsp48e1_wrapper_v3_0 has unconnected port SCLRINMODE
WARNING: [Synth 8-3331] design xbip_dsp48e1_wrapper_v3_0 has unconnected port SCLRM
WARNING: [Synth 8-3331] design xbip_dsp48e1_wrapper_v3_0 has unconnected port SCLRP
WARNING: [Synth 8-3331] design xbip_pipe_v3_0_5_viv__parameterized1 has unconnected port CLK
WARNING: [Synth 8-3331] design xbip_pipe_v3_0_5_viv__parameterized1 has unconnected port CE
WARNING: [Synth 8-3331] design xbip_pipe_v3_0_5_viv__parameterized1 has unconnected port SCLR
WARNING: [Synth 8-3331] design xbip_pipe_v3_0_5_viv__parameterized1 has unconnected port SSET
WARNING: [Synth 8-3331] design xbip_pipe_v3_0_5_viv__parameterized1 has unconnected port SINIT
WARNING: [Synth 8-3331] design xbip_pipe_v3_0_5_viv has unconnected port CLK
WARNING: [Synth 8-3331] design xbip_pipe_v3_0_5_viv has unconnected port CE
WARNING: [Synth 8-3331] design xbip_pipe_v3_0_5_viv has unconnected port SCLR
WARNING: [Synth 8-3331] design xbip_pipe_v3_0_5_viv has unconnected port SSET
WARNING: [Synth 8-3331] design xbip_pipe_v3_0_5_viv has unconnected port SINIT
WARNING: [Synth 8-3331] design dsp48_counter has unconnected port N_TC
WARNING: [Synth 8-3331] design dsp48_counter has unconnected port UP
WARNING: [Synth 8-3331] design xbip_counter_v3_0_5_viv has unconnected port LOAD
WARNING: [Synth 8-3331] design c_counter_binary_v12_0_12_viv has unconnected port SSET
WARNING: [Synth 8-3331] design c_counter_binary_v12_0_12_viv has unconnected port SINIT
---------------------------------------------------------------------------------
Finished RTL Elaboration : Time (s): cpu = 00:00:04 ; elapsed = 00:00:05 . Memory (MB): peak = 1555.148 ; gain = 134.750 ; free physical = 10412 ; free virtual = 31660
---------------------------------------------------------------------------------

Report Check Netlist: 
+------+------------------+-------+---------+-------+------------------+
|      |Item              |Errors |Warnings |Status |Description       |
+------+------------------+-------+---------+-------+------------------+
|1     |multi_driven_nets |      0|        0|Passed |Multi driven nets |
+------+------------------+-------+---------+-------+------------------+
---------------------------------------------------------------------------------
Start Handling Custom Attributes
---------------------------------------------------------------------------------
---------------------------------------------------------------------------------
Finished Handling Custom Attributes : Time (s): cpu = 00:00:04 ; elapsed = 00:00:05 . Memory (MB): peak = 1555.148 ; gain = 134.750 ; free physical = 10386 ; free virtual = 31634
---------------------------------------------------------------------------------
---------------------------------------------------------------------------------
Finished RTL Optimization Phase 1 : Time (s): cpu = 00:00:04 ; elapsed = 00:00:05 . Memory (MB): peak = 1555.148 ; gain = 134.750 ; free physical = 10386 ; free virtual = 31634
---------------------------------------------------------------------------------
INFO: [Netlist 29-17] Analyzing 1 Unisim elements for replacement
INFO: [Netlist 29-28] Unisim Transformation completed in 0 CPU seconds
INFO: [Device 21-403] Loading part xczu28dr-ffvg1517-2-e
INFO: [Project 1-570] Preparing netlist for logic optimization

Processing XDC Constraints
Initializing timing engine
Parsing XDC File [/home/wei/casper/casper_mlib/tutorials_devel/zcu111/rfdc_multi_adc_cores/mode4/2048GSps_MTS/rfdc_multi_eight_adcs_2048gsps_mts/myproj/myproj.srcs/sources_1/ip/rfdc_multi_eight_adcs_2048gsps_mts_c_counter_binary_v12_0_i1/rfdc_multi_eight_adcs_2048gsps_mts_c_counter_binary_v12_0_i1_ooc.xdc] for cell 'U0'
Finished Parsing XDC File [/home/wei/casper/casper_mlib/tutorials_devel/zcu111/rfdc_multi_adc_cores/mode4/2048GSps_MTS/rfdc_multi_eight_adcs_2048gsps_mts/myproj/myproj.srcs/sources_1/ip/rfdc_multi_eight_adcs_2048gsps_mts_c_counter_binary_v12_0_i1/rfdc_multi_eight_adcs_2048gsps_mts_c_counter_binary_v12_0_i1_ooc.xdc] for cell 'U0'
Parsing XDC File [/home/wei/casper/casper_mlib/tutorials_devel/zcu111/rfdc_multi_adc_cores/mode4/2048GSps_MTS/rfdc_multi_eight_adcs_2048gsps_mts/myproj/myproj.runs/rfdc_multi_eight_adcs_2048gsps_mts_c_counter_binary_v12_0_i1_synth_1/dont_touch.xdc]
Finished Parsing XDC File [/home/wei/casper/casper_mlib/tutorials_devel/zcu111/rfdc_multi_adc_cores/mode4/2048GSps_MTS/rfdc_multi_eight_adcs_2048gsps_mts/myproj/myproj.runs/rfdc_multi_eight_adcs_2048gsps_mts_c_counter_binary_v12_0_i1_synth_1/dont_touch.xdc]
Completed Processing XDC Constraints

Netlist sorting complete. Time (s): cpu = 00:00:00 ; elapsed = 00:00:00 . Memory (MB): peak = 2432.305 ; gain = 0.000 ; free physical = 7304 ; free virtual = 28554
INFO: [Project 1-111] Unisim Transformation Summary:
  A total of 1 instances were transformed.
  DSP48E1 => DSP48E2 (DSP_ALU, DSP_A_B_DATA, DSP_C_DATA, DSP_MULTIPLIER, DSP_M_DATA, DSP_OUTPUT, DSP_PREADD_DATA, DSP_PREADD): 1 instances

Netlist sorting complete. Time (s): cpu = 00:00:00 ; elapsed = 00:00:00 . Memory (MB): peak = 2432.305 ; gain = 0.000 ; free physical = 7304 ; free virtual = 28554
Constraint Validation Runtime : Time (s): cpu = 00:00:00.01 ; elapsed = 00:00:00.02 . Memory (MB): peak = 2433.305 ; gain = 1.000 ; free physical = 7301 ; free virtual = 28551
---------------------------------------------------------------------------------
Finished Constraint Validation : Time (s): cpu = 00:00:18 ; elapsed = 00:00:26 . Memory (MB): peak = 2433.305 ; gain = 1012.906 ; free physical = 7300 ; free virtual = 28554
---------------------------------------------------------------------------------
---------------------------------------------------------------------------------
Start Loading Part and Timing Information
---------------------------------------------------------------------------------
Loading part: xczu28dr-ffvg1517-2-e
INFO: [Synth 8-6742] Reading net delay rules and data
---------------------------------------------------------------------------------
Finished Loading Part and Timing Information : Time (s): cpu = 00:00:18 ; elapsed = 00:00:26 . Memory (MB): peak = 2433.305 ; gain = 1012.906 ; free physical = 7300 ; free virtual = 28554
---------------------------------------------------------------------------------
---------------------------------------------------------------------------------
Start Applying 'set_property' XDC Constraints
---------------------------------------------------------------------------------
Applied set_property DONT_TOUCH = true for U0. (constraint file  /home/wei/casper/casper_mlib/tutorials_devel/zcu111/rfdc_multi_adc_cores/mode4/2048GSps_MTS/rfdc_multi_eight_adcs_2048gsps_mts/myproj/myproj.runs/rfdc_multi_eight_adcs_2048gsps_mts_c_counter_binary_v12_0_i1_synth_1/dont_touch.xdc, line 9).
---------------------------------------------------------------------------------
Finished applying 'set_property' XDC Constraints : Time (s): cpu = 00:00:18 ; elapsed = 00:00:26 . Memory (MB): peak = 2433.305 ; gain = 1012.906 ; free physical = 7300 ; free virtual = 28554
---------------------------------------------------------------------------------
---------------------------------------------------------------------------------
Finished RTL Optimization Phase 2 : Time (s): cpu = 00:00:18 ; elapsed = 00:00:26 . Memory (MB): peak = 2433.305 ; gain = 1012.906 ; free physical = 7275 ; free virtual = 28528
---------------------------------------------------------------------------------

Report RTL Partitions: 
+-+--------------+------------+----------+
| |RTL Partition |Replication |Instances |
+-+--------------+------------+----------+
+-+--------------+------------+----------+
---------------------------------------------------------------------------------
Start RTL Component Statistics 
---------------------------------------------------------------------------------
---------------------------------------------------------------------------------
Finished RTL Component Statistics 
---------------------------------------------------------------------------------
---------------------------------------------------------------------------------
Start RTL Hierarchical Component Statistics 
---------------------------------------------------------------------------------
---------------------------------------------------------------------------------
Finished RTL Hierarchical Component Statistics
---------------------------------------------------------------------------------
---------------------------------------------------------------------------------
Start Part Resource Summary
---------------------------------------------------------------------------------
Part Resources:
DSPs: 4272 (col length:192)
BRAMs: 2160 (col length: RAMB18 192 RAMB36 96)
---------------------------------------------------------------------------------
Finished Part Resource Summary
---------------------------------------------------------------------------------
---------------------------------------------------------------------------------
Start Cross Boundary and Area Optimization
---------------------------------------------------------------------------------
Warning: Parallel synthesis criteria is not met 
WARNING: [Synth 8-3331] design c_counter_binary_v12_0_12_viv has unconnected port SSET
WARNING: [Synth 8-3331] design c_counter_binary_v12_0_12_viv has unconnected port SINIT
WARNING: [Synth 8-3331] design c_counter_binary_v12_0_12_viv has unconnected port UP
WARNING: [Synth 8-3331] design c_counter_binary_v12_0_12_viv has unconnected port LOAD
---------------------------------------------------------------------------------
Finished Cross Boundary and Area Optimization : Time (s): cpu = 00:00:18 ; elapsed = 00:00:26 . Memory (MB): peak = 2433.305 ; gain = 1012.906 ; free physical = 7273 ; free virtual = 28528
---------------------------------------------------------------------------------

Report RTL Partitions: 
+-+--------------+------------+----------+
| |RTL Partition |Replication |Instances |
+-+--------------+------------+----------+
+-+--------------+------------+----------+
---------------------------------------------------------------------------------
Start Applying XDC Timing Constraints
---------------------------------------------------------------------------------
---------------------------------------------------------------------------------
Finished Applying XDC Timing Constraints : Time (s): cpu = 00:00:35 ; elapsed = 00:00:57 . Memory (MB): peak = 2755.609 ; gain = 1335.211 ; free physical = 5914 ; free virtual = 27204
---------------------------------------------------------------------------------
---------------------------------------------------------------------------------
Start Timing Optimization
---------------------------------------------------------------------------------
---------------------------------------------------------------------------------
Finished Timing Optimization : Time (s): cpu = 00:00:35 ; elapsed = 00:00:57 . Memory (MB): peak = 2756.609 ; gain = 1336.211 ; free physical = 5914 ; free virtual = 27204
---------------------------------------------------------------------------------

Report RTL Partitions: 
+-+--------------+------------+----------+
| |RTL Partition |Replication |Instances |
+-+--------------+------------+----------+
+-+--------------+------------+----------+
---------------------------------------------------------------------------------
Start Technology Mapping
---------------------------------------------------------------------------------
---------------------------------------------------------------------------------
Finished Technology Mapping : Time (s): cpu = 00:00:35 ; elapsed = 00:00:57 . Memory (MB): peak = 2765.625 ; gain = 1345.227 ; free physical = 5912 ; free virtual = 27202
---------------------------------------------------------------------------------

Report RTL Partitions: 
+-+--------------+------------+----------+
| |RTL Partition |Replication |Instances |
+-+--------------+------------+----------+
+-+--------------+------------+----------+
---------------------------------------------------------------------------------
Start IO Insertion
---------------------------------------------------------------------------------
---------------------------------------------------------------------------------
Start Flattening Before IO Insertion
---------------------------------------------------------------------------------
---------------------------------------------------------------------------------
Finished Flattening Before IO Insertion
---------------------------------------------------------------------------------
---------------------------------------------------------------------------------
Start Final Netlist Cleanup
---------------------------------------------------------------------------------
---------------------------------------------------------------------------------
Finished Final Netlist Cleanup
---------------------------------------------------------------------------------
---------------------------------------------------------------------------------
Finished IO Insertion : Time (s): cpu = 00:00:36 ; elapsed = 00:00:57 . Memory (MB): peak = 2765.625 ; gain = 1345.227 ; free physical = 5945 ; free virtual = 27236
---------------------------------------------------------------------------------

Report Check Netlist: 
+------+------------------+-------+---------+-------+------------------+
|      |Item              |Errors |Warnings |Status |Description       |
+------+------------------+-------+---------+-------+------------------+
|1     |multi_driven_nets |      0|        0|Passed |Multi driven nets |
+------+------------------+-------+---------+-------+------------------+
---------------------------------------------------------------------------------
Start Renaming Generated Instances
---------------------------------------------------------------------------------
---------------------------------------------------------------------------------
Finished Renaming Generated Instances : Time (s): cpu = 00:00:36 ; elapsed = 00:00:57 . Memory (MB): peak = 2765.625 ; gain = 1345.227 ; free physical = 5945 ; free virtual = 27236
---------------------------------------------------------------------------------

Report RTL Partitions: 
+-+--------------+------------+----------+
| |RTL Partition |Replication |Instances |
+-+--------------+------------+----------+
+-+--------------+------------+----------+
---------------------------------------------------------------------------------
Start Rebuilding User Hierarchy
---------------------------------------------------------------------------------
---------------------------------------------------------------------------------
Finished Rebuilding User Hierarchy : Time (s): cpu = 00:00:36 ; elapsed = 00:00:57 . Memory (MB): peak = 2765.625 ; gain = 1345.227 ; free physical = 5945 ; free virtual = 27236
---------------------------------------------------------------------------------
---------------------------------------------------------------------------------
Start Renaming Generated Ports
---------------------------------------------------------------------------------
---------------------------------------------------------------------------------
Finished Renaming Generated Ports : Time (s): cpu = 00:00:36 ; elapsed = 00:00:57 . Memory (MB): peak = 2765.625 ; gain = 1345.227 ; free physical = 5945 ; free virtual = 27236
---------------------------------------------------------------------------------
---------------------------------------------------------------------------------
Start Handling Custom Attributes
---------------------------------------------------------------------------------
---------------------------------------------------------------------------------
Finished Handling Custom Attributes : Time (s): cpu = 00:00:36 ; elapsed = 00:00:57 . Memory (MB): peak = 2765.625 ; gain = 1345.227 ; free physical = 5945 ; free virtual = 27236
---------------------------------------------------------------------------------
---------------------------------------------------------------------------------
Start Renaming Generated Nets
---------------------------------------------------------------------------------
---------------------------------------------------------------------------------
Finished Renaming Generated Nets : Time (s): cpu = 00:00:36 ; elapsed = 00:00:57 . Memory (MB): peak = 2765.625 ; gain = 1345.227 ; free physical = 5945 ; free virtual = 27236
---------------------------------------------------------------------------------
---------------------------------------------------------------------------------
Start Writing Synthesis Report
---------------------------------------------------------------------------------

Report BlackBoxes: 
+-+--------------+----------+
| |BlackBox name |Instances |
+-+--------------+----------+
+-+--------------+----------+

Report Cell Usage: 
+------+--------+------+
|      |Cell    |Count |
+------+--------+------+
|1     |DSP48E1 |     1|
+------+--------+------+
---------------------------------------------------------------------------------
Finished Writing Synthesis Report : Time (s): cpu = 00:00:36 ; elapsed = 00:00:57 . Memory (MB): peak = 2765.625 ; gain = 1345.227 ; free physical = 5945 ; free virtual = 27236
---------------------------------------------------------------------------------
Synthesis finished with 0 errors, 0 critical warnings and 4 warnings.
Synthesis Optimization Runtime : Time (s): cpu = 00:00:23 ; elapsed = 00:00:39 . Memory (MB): peak = 2765.625 ; gain = 467.070 ; free physical = 5983 ; free virtual = 27273
Synthesis Optimization Complete : Time (s): cpu = 00:00:36 ; elapsed = 00:00:57 . Memory (MB): peak = 2765.633 ; gain = 1345.227 ; free physical = 5984 ; free virtual = 27274
INFO: [Project 1-571] Translating synthesized netlist
INFO: [Netlist 29-17] Analyzing 1 Unisim elements for replacement
INFO: [Netlist 29-28] Unisim Transformation completed in 0 CPU seconds
INFO: [Project 1-570] Preparing netlist for logic optimization
INFO: [Opt 31-138] Pushed 0 inverter(s) to 0 load pin(s).
Netlist sorting complete. Time (s): cpu = 00:00:00 ; elapsed = 00:00:00 . Memory (MB): peak = 2804.688 ; gain = 0.000 ; free physical = 5904 ; free virtual = 27194
INFO: [Project 1-111] Unisim Transformation Summary:
  A total of 1 instances were transformed.
  DSP48E1 => DSP48E2 (DSP_ALU, DSP_A_B_DATA, DSP_C_DATA, DSP_MULTIPLIER, DSP_M_DATA, DSP_OUTPUT, DSP_PREADD_DATA, DSP_PREADD): 1 instances

INFO: [Common 17-83] Releasing license: Synthesis
18 Infos, 42 Warnings, 0 Critical Warnings and 0 Errors encountered.
synth_design completed successfully
synth_design: Time (s): cpu = 00:00:38 ; elapsed = 00:00:58 . Memory (MB): peak = 2804.688 ; gain = 1403.746 ; free physical = 5962 ; free virtual = 27253
Netlist sorting complete. Time (s): cpu = 00:00:00 ; elapsed = 00:00:00 . Memory (MB): peak = 2804.688 ; gain = 0.000 ; free physical = 5962 ; free virtual = 27253
WARNING: [Constraints 18-5210] No constraints selected for write.
Resolution: This message can indicate that there are no constraints for the design, or it can indicate that the used_in flags are set such that the constraints are ignored. This later case is used when running synth_design to not write synthesis constraints to the resulting checkpoint. Instead, project constraints are read when the synthesized design is opened.
INFO: [Common 17-1381] The checkpoint '/home/wei/casper/casper_mlib/tutorials_devel/zcu111/rfdc_multi_adc_cores/mode4/2048GSps_MTS/rfdc_multi_eight_adcs_2048gsps_mts/myproj/myproj.runs/rfdc_multi_eight_adcs_2048gsps_mts_c_counter_binary_v12_0_i1_synth_1/rfdc_multi_eight_adcs_2048gsps_mts_c_counter_binary_v12_0_i1.dcp' has been generated.
INFO: [Coretcl 2-1648] Added synthesis output to IP cache for IP rfdc_multi_eight_adcs_2048gsps_mts_c_counter_binary_v12_0_i1, cache-ID = 11f496dafad1108f
INFO: [Coretcl 2-1174] Renamed 5 cell refs.
Netlist sorting complete. Time (s): cpu = 00:00:00 ; elapsed = 00:00:00 . Memory (MB): peak = 2804.688 ; gain = 0.000 ; free physical = 5952 ; free virtual = 27243
WARNING: [Constraints 18-5210] No constraints selected for write.
Resolution: This message can indicate that there are no constraints for the design, or it can indicate that the used_in flags are set such that the constraints are ignored. This later case is used when running synth_design to not write synthesis constraints to the resulting checkpoint. Instead, project constraints are read when the synthesized design is opened.
INFO: [Common 17-1381] The checkpoint '/home/wei/casper/casper_mlib/tutorials_devel/zcu111/rfdc_multi_adc_cores/mode4/2048GSps_MTS/rfdc_multi_eight_adcs_2048gsps_mts/myproj/myproj.runs/rfdc_multi_eight_adcs_2048gsps_mts_c_counter_binary_v12_0_i1_synth_1/rfdc_multi_eight_adcs_2048gsps_mts_c_counter_binary_v12_0_i1.dcp' has been generated.
INFO: [runtcl-4] Executing : report_utilization -file rfdc_multi_eight_adcs_2048gsps_mts_c_counter_binary_v12_0_i1_utilization_synth.rpt -pb rfdc_multi_eight_adcs_2048gsps_mts_c_counter_binary_v12_0_i1_utilization_synth.pb
INFO: [Common 17-206] Exiting Vivado at Fri Sep 25 12:21:46 2020...
